<?xml version="1.0" encoding="UTF-8"?>
<!-- Generated by org.testng.reporters.JUnitReportReporter -->
<testsuite skipped="0" hostname="vanpt-pc" name="com.vanpt.auth.TestAuth" tests="3" failures="0" timestamp="2020-11-10T00:21:44 ICT" time="0.190" errors="0">
  <testcase name="can_get_barcode_url" time="0.156" classname="com.vanpt.auth.TestAuth"/>
  <system-out/>
  <testcase name="can_sync_with_google_authenticator" time="0.009" classname="com.vanpt.auth.TestAuth"/>
  <system-out/>
  <testcase name="can_generate_secret_key" time="0.025" classname="com.vanpt.auth.TestAuth"/>
  <system-out/>
</testsuite> <!-- com.vanpt.auth.TestAuth -->
